   ------------------------------------------------------------
  | Welcome to ROOT 6.18/04                  https://root.cern |
  |                               (c) 1995-2019, The ROOT Team |
  | Built for linuxx8664gcc on Sep 11 2019, 15:38:23           |
  | From tags/v6-18-04@v6-18-04                                |
  | Try '.help', '.demo', '.license', '.credits', '.quit'/'.q' |
   ------------------------------------------------------------


Processing FC.cpp...
Time it took to fill table: 0.8461s
 +++++++ bkg = 3++++++++
n_u = 0	 mu_U = 0.95
n_u = 1	 mu_U = 1.87
n_u = 2	 mu_U = 3.03
n_u = 3	 mu_U = 4.42
n_u = 4	 mu_U = 5.59
n_u = 5	 mu_U = 6.98
n_u = 6	 mu_U = 8.46
n_u = 7	 mu_U = 9.53
n_u = 8	 mu_U = 10.99
n_u = 9	 mu_U = 12.29

 +++++++ bkg = 3.1++++++++
n_u = 0	 mu_U = 0.9
n_u = 1	 mu_U = 1.81
n_u = 2	 mu_U = 2.95
n_u = 3	 mu_U = 4.32
n_u = 4	 mu_U = 5.49
n_u = 5	 mu_U = 6.88
n_u = 6	 mu_U = 8.36
n_u = 7	 mu_U = 9.43
n_u = 8	 mu_U = 10.89
n_u = 9	 mu_U = 12.19

 +++++++ bkg = 3.2++++++++
n_u = 0	 mu_U = 0.86
n_u = 1	 mu_U = 1.76
n_u = 2	 mu_U = 2.88
n_u = 3	 mu_U = 4.22
n_u = 4	 mu_U = 5.39
n_u = 5	 mu_U = 6.78
n_u = 6	 mu_U = 8.26
n_u = 7	 mu_U = 9.33
n_u = 8	 mu_U = 10.79
n_u = 9	 mu_U = 12.09

 +++++++ bkg = 3.3++++++++
n_u = 0	 mu_U = 0.82
n_u = 1	 mu_U = 1.7
n_u = 2	 mu_U = 2.8
n_u = 3	 mu_U = 4.13
n_u = 4	 mu_U = 5.29
n_u = 5	 mu_U = 6.68
n_u = 6	 mu_U = 8.16
n_u = 7	 mu_U = 9.23
n_u = 8	 mu_U = 10.69
n_u = 9	 mu_U = 11.99

 +++++++ bkg = 3.4++++++++
n_u = 0	 mu_U = 0.78
n_u = 1	 mu_U = 1.64
n_u = 2	 mu_U = 2.73
n_u = 3	 mu_U = 4.04
n_u = 4	 mu_U = 5.19
n_u = 5	 mu_U = 6.58
n_u = 6	 mu_U = 8.06
n_u = 7	 mu_U = 9.13
n_u = 8	 mu_U = 10.59
n_u = 9	 mu_U = 11.89

 +++++++ bkg = 3.5++++++++
n_u = 0	 mu_U = 1.05
n_u = 1	 mu_U = 1.59
n_u = 2	 mu_U = 2.66
n_u = 3	 mu_U = 3.95
n_u = 4	 mu_U = 5.09
n_u = 5	 mu_U = 6.48
n_u = 6	 mu_U = 7.96
n_u = 7	 mu_U = 9.03
n_u = 8	 mu_U = 10.49
n_u = 9	 mu_U = 11.79

 +++++++ bkg = 3.6++++++++
n_u = 0	 mu_U = 1.01
n_u = 1	 mu_U = 1.53
n_u = 2	 mu_U = 2.59
n_u = 3	 mu_U = 3.86
n_u = 4	 mu_U = 4.99
n_u = 5	 mu_U = 6.38
n_u = 6	 mu_U = 7.86
n_u = 7	 mu_U = 8.93
n_u = 8	 mu_U = 10.39
n_u = 9	 mu_U = 11.69

 +++++++ bkg = 3.7++++++++
n_u = 0	 mu_U = 0.97
n_u = 1	 mu_U = 1.48
n_u = 2	 mu_U = 2.52
n_u = 3	 mu_U = 3.77
n_u = 4	 mu_U = 4.89
n_u = 5	 mu_U = 6.28
n_u = 6	 mu_U = 7.76
n_u = 7	 mu_U = 8.83
n_u = 8	 mu_U = 10.29
n_u = 9	 mu_U = 11.59

 +++++++ bkg = 3.8++++++++
n_u = 0	 mu_U = 0.93
n_u = 1	 mu_U = 1.43
n_u = 2	 mu_U = 2.45
n_u = 3	 mu_U = 3.69
n_u = 4	 mu_U = 4.79
n_u = 5	 mu_U = 6.18
n_u = 6	 mu_U = 7.66
n_u = 7	 mu_U = 8.73
n_u = 8	 mu_U = 10.19
n_u = 9	 mu_U = 11.49

 +++++++ bkg = 3.9++++++++
n_u = 0	 mu_U = 0.89
n_u = 1	 mu_U = 1.38
n_u = 2	 mu_U = 2.39
n_u = 3	 mu_U = 3.6
n_u = 4	 mu_U = 4.69
n_u = 5	 mu_U = 6.08
n_u = 6	 mu_U = 7.56
n_u = 7	 mu_U = 8.63
n_u = 8	 mu_U = 10.09
n_u = 9	 mu_U = 11.39

b\n  |           |           |           |           |
-------------------------------------------------
n_u = 0	 mu_U = 0.95
n_u = 1	 mu_U = 1.87
n_u = 2	 mu_U = 3.03
n_u = 3	 mu_U = 4.42
n_u = 4	 mu_U = 5.59
n_u = 5	 mu_U = 6.98
n_u = 6	 mu_U = 8.46
n_u = 7	 mu_U = 9.53
n_u = 8	 mu_U = 11
n_u = 9	 mu_U = 12.3
0.95
n_u = 0	 mu_U = 0.9
n_u = 1	 mu_U = 1.81
n_u = 2	 mu_U = 2.95
n_u = 3	 mu_U = 4.32
n_u = 4	 mu_U = 5.49
n_u = 5	 mu_U = 6.88
n_u = 6	 mu_U = 8.36
n_u = 7	 mu_U = 9.43
n_u = 8	 mu_U = 10.9
n_u = 9	 mu_U = 12.2
0.9
n_u = 0	 mu_U = 0.86
n_u = 1	 mu_U = 1.76
n_u = 2	 mu_U = 2.88
n_u = 3	 mu_U = 4.22
n_u = 4	 mu_U = 5.39
n_u = 5	 mu_U = 6.78
n_u = 6	 mu_U = 8.26
n_u = 7	 mu_U = 9.33
n_u = 8	 mu_U = 10.8
n_u = 9	 mu_U = 12.1
0.86
n_u = 0	 mu_U = 0.82
n_u = 1	 mu_U = 1.7
n_u = 2	 mu_U = 2.8
n_u = 3	 mu_U = 4.13
n_u = 4	 mu_U = 5.29
n_u = 5	 mu_U = 6.68
n_u = 6	 mu_U = 8.16
n_u = 7	 mu_U = 9.23
n_u = 8	 mu_U = 10.7
n_u = 9	 mu_U = 12
0.82
n_u = 0	 mu_U = 0.78
n_u = 1	 mu_U = 1.64
n_u = 2	 mu_U = 2.73
n_u = 3	 mu_U = 4.04
n_u = 4	 mu_U = 5.19
n_u = 5	 mu_U = 6.58
n_u = 6	 mu_U = 8.06
n_u = 7	 mu_U = 9.13
n_u = 8	 mu_U = 10.6
n_u = 9	 mu_U = 11.9
0.78
n_u = 0	 mu_U = 1.05
n_u = 1	 mu_U = 1.59
n_u = 2	 mu_U = 2.66
n_u = 3	 mu_U = 3.95
n_u = 4	 mu_U = 5.09
n_u = 5	 mu_U = 6.48
n_u = 6	 mu_U = 7.96
n_u = 7	 mu_U = 9.03
n_u = 8	 mu_U = 10.5
n_u = 9	 mu_U = 11.8
1.05
n_u = 0	 mu_U = 1.01
n_u = 1	 mu_U = 1.53
n_u = 2	 mu_U = 2.59
n_u = 3	 mu_U = 3.86
n_u = 4	 mu_U = 4.99
n_u = 5	 mu_U = 6.38
n_u = 6	 mu_U = 7.86
n_u = 7	 mu_U = 8.93
n_u = 8	 mu_U = 10.4
n_u = 9	 mu_U = 11.7
1.01
n_u = 0	 mu_U = 0.97
n_u = 1	 mu_U = 1.48
n_u = 2	 mu_U = 2.52
n_u = 3	 mu_U = 3.77
n_u = 4	 mu_U = 4.89
n_u = 5	 mu_U = 6.28
n_u = 6	 mu_U = 7.76
n_u = 7	 mu_U = 8.83
n_u = 8	 mu_U = 10.3
n_u = 9	 mu_U = 11.6
0.97
n_u = 0	 mu_U = 0.93
n_u = 1	 mu_U = 1.43
n_u = 2	 mu_U = 2.45
n_u = 3	 mu_U = 3.69
n_u = 4	 mu_U = 4.79
n_u = 5	 mu_U = 6.18
n_u = 6	 mu_U = 7.66
n_u = 7	 mu_U = 8.73
n_u = 8	 mu_U = 10.2
n_u = 9	 mu_U = 11.5
0.93
n_u = 0	 mu_U = 0.89
n_u = 1	 mu_U = 1.38
n_u = 2	 mu_U = 2.39
n_u = 3	 mu_U = 3.6
n_u = 4	 mu_U = 4.69
n_u = 5	 mu_U = 6.08
n_u = 6	 mu_U = 7.56
n_u = 7	 mu_U = 8.63
n_u = 8	 mu_U = 10.1
n_u = 9	 mu_U = 11.4
0.89
n_u = 0	 mu_U = 0.85
n_u = 1	 mu_U = 1.33
n_u = 2	 mu_U = 2.32
n_u = 3	 mu_U = 3.52
n_u = 4	 mu_U = 4.59
n_u = 5	 mu_U = 5.98
n_u = 6	 mu_U = 7.46
n_u = 7	 mu_U = 8.53
n_u = 8	 mu_U = 9.99
n_u = 9	 mu_U = 11.3
0.85
n_u = 0	 mu_U = 0.81
n_u = 1	 mu_U = 1.28
n_u = 2	 mu_U = 2.26
n_u = 3	 mu_U = 3.44
n_u = 4	 mu_U = 4.49
n_u = 5	 mu_U = 5.88
n_u = 6	 mu_U = 7.36
n_u = 7	 mu_U = 8.43
n_u = 8	 mu_U = 9.89
n_u = 9	 mu_U = 11.2
0.81
0.95       |1.87       |3.03       |4.42       |5.59       |6.98       |8.46       |9.53       |11       |12.3       |
0.9       |1.81       |2.95       |4.32       |5.49       |6.88       |8.36       |9.43       |10.9       |12.2       |
0.86       |1.76       |2.88       |4.22       |5.39       |6.78       |8.26       |9.33       |10.8       |12.1       |
0.82       |1.7       |2.8       |4.13       |5.29       |6.68       |8.16       |9.23       |10.7       |12       |
0.78       |1.64       |2.73       |4.04       |5.19       |6.58       |8.06       |9.13       |10.6       |11.9       |
1.05       |1.59       |2.66       |3.95       |5.09       |6.48       |7.96       |9.03       |10.5       |11.8       |
1.01       |1.53       |2.59       |3.86       |4.99       |6.38       |7.86       |8.93       |10.4       |11.7       |
0.97       |1.48       |2.52       |3.77       |4.89       |6.28       |7.76       |8.83       |10.3       |11.6       |
0.93       |1.43       |2.45       |3.69       |4.79       |6.18       |7.66       |8.73       |10.2       |11.5       |
0.89       |1.38       |2.39       |3.6       |4.69       |6.08       |7.56       |8.63       |10.1       |11.4       |
0.85       |1.33       |2.32       |3.52       |4.59       |5.98       |7.46       |8.53       |9.99       |11.3       |
0.81       |1.28       |2.26       |3.44       |4.49       |5.88       |7.36       |8.43       |9.89       |11.2       |
(int) 0
